<?xml version="1.0" encoding="UTF-8"?>
<testsuite name="edu.curtin.app.DirectoryTest" tests="4" skipped="0" failures="0" errors="0" timestamp="2025-09-01T08:08:24" hostname="jinuMacPro.local" time="0.002">
  <properties/>
  <testcase name="Directory should count matching lines recursively" classname="edu.curtin.app.DirectoryTest" time="0.0"/>
  <testcase name="Directory should handle empty directory" classname="edu.curtin.app.DirectoryTest" time="0.0"/>
  <testcase name="Directory should calculate total lines correctly" classname="edu.curtin.app.DirectoryTest" time="0.0"/>
  <testcase name="Directory should manage items correctly" classname="edu.curtin.app.DirectoryTest" time="0.001"/>
  <system-out><![CDATA[]]></system-out>
  <system-err><![CDATA[]]></system-err>
</testsuite>
