<?xml version="1.0" encoding="UTF-8"?>
<testsuite name="edu.curtin.app.SimpleValidationTest" tests="6" skipped="0" failures="0" errors="0" timestamp="2025-09-01T08:08:24" hostname="jinuMacPro.local" time="0.002">
  <properties/>
  <testcase name="Multiple criteria logic validation" classname="edu.curtin.app.SimpleValidationTest" time="0.001"/>
  <testcase name="Basic RegexCriterion functionality" classname="edu.curtin.app.SimpleValidationTest" time="0.0"/>
  <testcase name="Basic Directory functionality" classname="edu.curtin.app.SimpleValidationTest" time="0.0"/>
  <testcase name="Basic FileItem functionality" classname="edu.curtin.app.SimpleValidationTest" time="0.0"/>
  <testcase name="Basic TextCriterion functionality" classname="edu.curtin.app.SimpleValidationTest" time="0.0"/>
  <testcase name="Flag parsing logic validation" classname="edu.curtin.app.SimpleValidationTest" time="0.0"/>
  <system-out><![CDATA[]]></system-out>
  <system-err><![CDATA[]]></system-err>
</testsuite>
